\BOOKMARK [-1][-]{chapter*.2}{\376\377\000I\000n\000t\000r\000o\000d\000u\000c\000t\000i\000o\000n}{}% 1
\BOOKMARK [0][-]{chapter.1}{\376\377\000E\000m\000p\000i\000l\000e\000m\000e\000n\000t\000s\000\040\000c\000o\000m\000p\000a\000c\000t\000s}{chapter*.2}% 2
\BOOKMARK [1][-]{section.1.1}{\376\377\000D\000\351\000c\000o\000u\000v\000e\000r\000t\000e}{chapter.1}% 3
\BOOKMARK [1][-]{section.1.2}{\376\377\000E\000m\000p\000i\000l\000e\000m\000e\000n\000t\000s\000\040\000d\000e\000\040\000d\000i\000s\000q\000u\000e\000s\000\040\000\351\000g\000a\000u\000x\000\040\000e\000n\000\040\000d\000i\000m\000e\000n\000s\000i\000o\000n\000\040\0002}{chapter.1}% 4
\BOOKMARK [2][-]{subsection.1.2.1}{\376\377\000P\000r\000e\000u\000v\000e\000\040\000d\000e\000\040\000l\000'\000e\000m\000p\000i\000l\000e\000m\000e\000n\000t\000\040\000l\000e\000\040\000p\000l\000u\000s\000\040\000d\000e\000n\000s\000e}{section.1.2}% 5
\BOOKMARK [1][-]{section.1.3}{\376\377\000E\000m\000p\000i\000l\000e\000m\000e\000n\000t\000s\000\040\000d\000e\000\040\000b\000o\000u\000l\000e\000s\000\040\000\351\000g\000a\000l\000e\000s\000\040\000e\000n\000\040\000d\000i\000m\000e\000n\000s\000i\000o\000n\000\040\0003}{chapter.1}% 6
\BOOKMARK [1][-]{section.1.4}{\376\377\000U\000n\000\040\000m\000o\000t\000\040\000s\000u\000r\000\040\000l\000e\000s\000\040\000d\000i\000m\000e\000n\000s\000i\000o\000n\000s\000\040\000s\000u\000p\000\351\000r\000i\000e\000u\000r\000e\000s}{chapter.1}% 7
\BOOKMARK [0][-]{chapter.2}{\376\377\000L\000e\000s\000\040\000e\000m\000p\000i\000l\000e\000m\000e\000n\000t\000s\000\040\000c\000o\000m\000p\000a\000c\000t\000s\000\040\000e\000t\000\040\000l\000'\000i\000n\000\351\000g\000a\000l\000i\000t\000\351\000\040\000i\000s\000o\000p\000\351\000r\000i\000m\000\351\000t\000r\000i\000q\000u\000e}{chapter*.2}% 8
\BOOKMARK [1][-]{subsection.2.0.1}{\376\377\000I\000n\000t\000r\000o\000d\000u\000c\000t\000i\000o\000n\000\040\000:\000\040\000L\000e\000\040\000p\000r\000o\000b\000l\000\350\000m\000e\000\040\000d\000e\000\040\000D\000i\000d\000o\000n}{chapter.2}% 9
\BOOKMARK [2][-]{subsection.2.0.2}{\376\377\000U\000n\000\040\000d\000\351\000b\000u\000t\000\040\000d\000e\000\040\000f\000o\000r\000m\000a\000l\000i\000s\000m\000e}{subsection.2.0.1}% 10
\BOOKMARK [2][-]{subsection.2.0.3}{\376\377\000L\000e\000\040\000f\000o\000r\000m\000a\000l\000i\000s\000m\000e\000\040\000m\000a\000t\000h\000\351\000m\000a\000t\000i\000q\000u\000e}{subsection.2.0.1}% 11
\BOOKMARK [1][-]{section.2.1}{\376\377\000C\000o\000n\000c\000l\000u\000s\000i\000o\000n\000\040\000:\000\040\000D\000u\000\040\000n\000i\000d\000\040\000d\000'\000a\000b\000e\000i\000l\000l\000e\000\040\000a\000u\000x\000\040\000b\000u\000l\000l\000e\000s\000\040\000d\000e\000\040\000s\000a\000v\000o\000n\000s}{chapter.2}% 12
\BOOKMARK [0][-]{chapter.3}{\376\377\000L\000a\000\040\000c\000o\000n\000j\000e\000c\000t\000u\000r\000e\000\040\000d\000u\000\040\000n\000i\000d\000\040\000d\000'\000a\000b\000e\000i\000l\000l\000e}{chapter*.2}% 13
\BOOKMARK [1][-]{section.3.1}{\376\377\000I\000n\000t\000r\000o\000d\000u\000c\000t\000i\000o\000n\000\040\000:\000\040\000l\000e\000s\000\040\000n\000i\000d\000s\000\040\000d\000'\000a\000b\000e\000i\000l\000l\000e\000s}{chapter.3}% 14
\BOOKMARK [1][-]{section.3.2}{\376\377\000P\000r\000e\000u\000v\000e\000\040\000d\000e\000\040\000l\000a\000\040\000c\000o\000n\000j\000e\000c\000t\000u\000r\000e}{chapter.3}% 15
\BOOKMARK [2][-]{subsection.3.2.1}{\376\377\000L\000a\000\040\000c\000o\000n\000j\000e\000c\000t\000u\000r\000e\000\040\000d\000u\000\040\000n\000i\000d\000\040\000d\000'\000a\000b\000e\000i\000l\000l\000e\000\040\000p\000o\000u\000r\000\040\000l\000e\000s\000\040\000e\000n\000s\000e\000m\000b\000l\000e\000s\000\040\000o\000u\000v\000e\000r\000t\000s\000\040\000n\000o\000n\000\040\000c\000o\000n\000n\000e\000x\000e\000s}{section.3.2}% 16
\BOOKMARK [2][-]{subsection.3.2.2}{\376\377\000L\000a\000\040\000c\000o\000n\000j\000e\000c\000t\000u\000r\000e\000\040\000d\000u\000\040\000n\000i\000d\000\040\000d\000'\000a\000b\000e\000i\000l\000l\000e\000,\000\040\000v\000e\000r\000s\000i\000o\000n\000\040\000f\000i\000n\000i\000e}{section.3.2}% 17
\BOOKMARK [2][-]{subsection.3.2.3}{\376\377\000L\000a\000\040\000c\000o\000n\000j\000e\000c\000t\000u\000r\000e\000\040\000d\000u\000\040\000n\000i\000d\000\040\000d\000'\000a\000b\000e\000i\000l\000l\000e\000\040\000s\000u\000r\000\040\000u\000n\000\040\000t\000o\000r\000e}{section.3.2}% 18
\BOOKMARK [2][-]{subsection.3.2.4}{\376\377\000L\000'\000i\000n\000\351\000g\000a\000l\000i\000t\000\351\000\040\000i\000s\000o\000p\000\351\000r\000i\000m\000\351\000t\000r\000i\000q\000u\000e\000\040\000h\000e\000x\000a\000g\000o\000n\000a\000l\000e\000\040\000p\000o\000u\000r\000\040\000l\000e\000s\000\040\000c\000o\000u\000r\000b\000e\000s\000\040\000p\000l\000a\000n\000e\000s\000\040\000f\000e\000r\000m\000\351\000e\000s\000.}{section.3.2}% 19
\BOOKMARK [0][-]{chapter.4}{\376\377\000S\000i\000m\000u\000l\000a\000t\000i\000o\000n\000s}{chapter*.2}% 20
\BOOKMARK [1][-]{section.4.1}{\376\377\000P\000r\000e\000m\000i\000\350\000r\000e\000\040\000p\000a\000r\000t\000i\000e\000\040\000:\000\040\000I\000s\000o\000p\000\351\000r\000i\000m\000\351\000t\000r\000i\000e}{chapter.4}% 21
\BOOKMARK [2][-]{subsection.4.1.1}{\376\377\000A\000l\000g\000o\000r\000i\000t\000h\000m\000e\000\040\000d\000e\000\040\000c\000a\000l\000c\000u\000l\000\040\000d\000e\000\040\000l\000a\000\040\000c\000o\000n\000s\000t\000a\000n\000t\000e\000\040\000i\000s\000o\000p\000\351\000r\000i\000m\000\351\000t\000r\000i\000q\000u\000e}{section.4.1}% 22
\BOOKMARK [2][-]{subsection.4.1.2}{\376\377\000R\000\351\000s\000u\000l\000t\000a\000t\000s}{section.4.1}% 23
\BOOKMARK [2][-]{subsection.4.1.3}{\376\377\000R\000e\000m\000a\000r\000q\000u\000e\000\040\000s\000u\000r\000\040\000l\000e\000s\000\040\000a\000l\000t\000\351\000r\000a\000t\000i\000o\000n\000s\000\040\000a\000l\000\351\000a\000t\000o\000i\000r\000e\000s\000\040\000c\000o\000m\000p\000a\000c\000t\000e\000s\000\040\000d\000u\000\040\000g\000r\000a\000p\000h\000e}{section.4.1}% 24
\BOOKMARK [1][-]{section.4.2}{\376\377\000D\000e\000u\000x\000i\000\350\000m\000e\000\040\000p\000a\000r\000t\000i\000e\000\040\000:\000\040\000D\000e\000n\000s\000i\000t\000\351}{chapter.4}% 25
\BOOKMARK [2][-]{subsection.4.2.1}{\376\377\000A\000l\000g\000o\000r\000i\000t\000h\000m\000e\000\040\000d\000e\000\040\000c\000a\000l\000c\000u\000l\000\040\000d\000e\000\040\000l\000a\000\040\000d\000e\000n\000s\000i\000t\000\351}{section.4.2}% 26
\BOOKMARK [2][-]{subsection.4.2.2}{\376\377\000R\000\351\000s\000u\000l\000t\000a\000t\000s}{section.4.2}% 27
\BOOKMARK [1][-]{section.4.3}{\376\377\000T\000r\000o\000i\000s\000i\000\350\000m\000e\000\040\000p\000a\000r\000t\000i\000e\000\040\000:\000\040\000D\000i\000a\000g\000r\000a\000m\000m\000e\000\040\000d\000e\000\040\000V\000o\000r\000o\000n\000o\000\357}{chapter.4}% 28
\BOOKMARK [-1][-]{figure.4.11}{\376\377\000A\000n\000n\000e\000x\000e}{}% 29
\BOOKMARK [0][-]{appendix.1.A}{\376\377\000R\000a\000p\000p\000e\000l\000s\000\040\000s\000u\000r\000\040\000l\000e\000s\000\040\000p\000o\000l\000y\000g\000o\000n\000e\000s}{figure.4.11}% 30
\BOOKMARK [0][-]{appendix.2.B}{\376\377\000C\000o\000d\000e\000\040\000e\000t\000\040\000a\000s\000p\000e\000c\000t\000\040\000m\000a\000t\000h\000\351\000m\000a\000t\000i\000q\000u\000e\000\040\000d\000e\000s\000\040\000s\000i\000m\000u\000l\000a\000t\000i\000o\000n\000s\000\040\000i\000n\000f\000o\000r\000m\000a\000t\000i\000q\000u\000e\000s}{figure.4.11}% 31
\BOOKMARK [1][-]{section.2.B.1}{\376\377\000A\000s\000p\000e\000c\000t\000s\000\040\000m\000a\000t\000h\000\351\000m\000a\000t\000i\000q\000u\000e\000s}{appendix.2.B}% 32
\BOOKMARK [1][-]{section.2.B.2}{\376\377\000T\000h\000\351\000o\000r\000i\000e\000\040\000d\000e\000\040\000l\000a\000\040\000s\000i\000m\000u\000l\000a\000t\000i\000o\000n\000\040\000d\000e\000\040\000l\000'\000i\000n\000\351\000g\000a\000l\000i\000t\000\351\000\040\000i\000s\000o\000p\000\351\000r\000i\000m\000\351\000t\000r\000i\000q\000u\000e}{appendix.2.B}% 33
\BOOKMARK [2][-]{subsection.2.B.2.1}{\376\377\000S\000i\000m\000u\000l\000a\000t\000i\000o\000n\000\040\0001\000\040\000:\000\040\000P\000a\000v\000a\000g\000e\000\040\000h\000e\000x\000a\000g\000o\000n\000a\000l\000e\000\040}{section.2.B.2}% 34
\BOOKMARK [2][-]{subsection.2.B.2.2}{\376\377\000S\000i\000m\000u\000l\000a\000t\000i\000o\000n\000\040\0002\000\040\000:\000\040\000P\000a\000v\000a\000g\000e\000\040\000t\000r\000i\000a\000n\000g\000u\000l\000a\000i\000r\000e\000\040}{section.2.B.2}% 35
\BOOKMARK [2][-]{subsection.2.B.2.3}{\376\377\000S\000i\000m\000u\000l\000a\000t\000i\000o\000n\000\040\0003\000\040\000:\000\040\000P\000a\000v\000a\000g\000e\000\040\000c\000a\000r\000r\000\351\000\040\000d\000a\000n\000s\000\040\000l\000e\000\040\000p\000l\000a\000n\000\040}{section.2.B.2}% 36
\BOOKMARK [1][-]{section.2.B.3}{\376\377\000L\000e\000s\000\040\000d\000i\000a\000g\000r\000a\000m\000m\000e\000s\000\040\000d\000e\000\040\000V\000o\000r\000o\000n\000o\000\357}{appendix.2.B}% 37
\BOOKMARK [1][-]{section.2.B.4}{\376\377\000L\000e\000\040\000c\000o\000d\000e}{appendix.2.B}% 38
\BOOKMARK [2][-]{subsection.2.B.4.1}{\376\377\000L\000e\000\040\000c\000o\000d\000e\000\040\000d\000e\000\040\000l\000a\000\040\000c\000l\000a\000s\000s\000e\000\040\000G\000r\000a\000p\000h\000e}{section.2.B.4}% 39
\BOOKMARK [2][-]{subsection.2.B.4.2}{\376\377\000L\000e\000\040\000c\000o\000d\000e\000\040\000d\000e\000s\000\040\000a\000l\000g\000o\000r\000i\000t\000h\000m\000e\000s\000\040\000c\000r\000\351\000a\000n\000t\000\040\000d\000e\000s\000\040\000g\000r\000a\000p\000h\000e\000s\000\040\000p\000a\000r\000t\000i\000c\000u\000l\000i\000e\000r\000s}{section.2.B.4}% 40
\BOOKMARK [2][-]{subsection.2.B.4.3}{\376\377\000L\000e\000\040\000c\000o\000d\000e\000\040\000d\000e\000\040\000l\000a\000\040\000c\000l\000a\000s\000s\000e\000\040\000p\000o\000l\000y\000g\000o\000n\000e\000\040\000r\000\351\000g\000u\000l\000i\000e\000r}{section.2.B.4}% 41
\BOOKMARK [-1][-]{lstnumber.-3.127}{\376\377\000B\000i\000b\000l\000i\000o\000g\000r\000a\000p\000h\000i\000e}{}% 42
